<?xml version="1.0" encoding="UTF-8"?>
<testsuite name="com.example.restservice.RestServiceApplicationTests" tests="1" skipped="0" failures="0" errors="0" timestamp="2021-01-21T13:54:04" hostname="LAPTOP-SNUQ3LI0" time="0.431">
  <properties/>
  <testcase name="contextLoads()" classname="com.example.restservice.RestServiceApplicationTests" time="0.431"/>
  <system-out><![CDATA[14:54:01.442 [Test worker] DEBUG org.springframework.test.context.BootstrapUtils - Instantiating CacheAwareContextLoaderDelegate from class [org.springframework.test.context.cache.DefaultCacheAwareContextLoaderDelegate]
14:54:01.458 [Test worker] DEBUG org.springframework.test.context.BootstrapUtils - Instantiating BootstrapContext using constructor [public org.springframework.test.context.support.DefaultBootstrapContext(java.lang.Class,org.springframework.test.context.CacheAwareContextLoaderDelegate)]
14:54:01.505 [Test worker] DEBUG org.springframework.test.context.BootstrapUtils - Instantiating TestContextBootstrapper for test class [com.example.restservice.RestServiceApplicationTests] from class [org.springframework.boot.test.context.SpringBootTestContextBootstrapper]
14:54:01.536 [Test worker] INFO org.springframework.boot.test.context.SpringBootTestContextBootstrapper - Neither @ContextConfiguration nor @ContextHierarchy found for test class [com.example.restservice.RestServiceApplicationTests], using SpringBootContextLoader
14:54:01.552 [Test worker] DEBUG org.springframework.test.context.support.AbstractContextLoader - Did not detect default resource location for test class [com.example.restservice.RestServiceApplicationTests]: class path resource [com/example/restservice/RestServiceApplicationTests-context.xml] does not exist
14:54:01.552 [Test worker] DEBUG org.springframework.test.context.support.AbstractContextLoader - Did not detect default resource location for test class [com.example.restservice.RestServiceApplicationTests]: class path resource [com/example/restservice/RestServiceApplicationTestsContext.groovy] does not exist
14:54:01.552 [Test worker] INFO org.springframework.test.context.support.AbstractContextLoader - Could not detect default resource locations for test class [com.example.restservice.RestServiceApplicationTests]: no resource found for suffixes {-context.xml, Context.groovy}.
14:54:01.552 [Test worker] INFO org.springframework.test.context.support.AnnotationConfigContextLoaderUtils - Could not detect default configuration classes for test class [com.example.restservice.RestServiceApplicationTests]: RestServiceApplicationTests does not declare any static, non-private, non-final, nested classes annotated with @Configuration.
14:54:01.598 [Test worker] DEBUG org.springframework.test.context.support.ActiveProfilesUtils - Could not find an 'annotation declaring class' for annotation type [org.springframework.test.context.ActiveProfiles] and class [com.example.restservice.RestServiceApplicationTests]
14:54:01.708 [Test worker] DEBUG org.springframework.context.annotation.ClassPathScanningCandidateComponentProvider - Identified candidate component class: file [C:\Users\mamin\Desktop\gs-rest-service\initial\build\classes\java\main\com\example\restservice\RestServiceApplication.class]
14:54:01.708 [Test worker] INFO org.springframework.boot.test.context.SpringBootTestContextBootstrapper - Found @SpringBootConfiguration com.example.restservice.RestServiceApplication for test class com.example.restservice.RestServiceApplicationTests
14:54:01.852 [Test worker] DEBUG org.springframework.boot.test.context.SpringBootTestContextBootstrapper - @TestExecutionListeners is not present for class [com.example.restservice.RestServiceApplicationTests]: using defaults.
14:54:01.852 [Test worker] INFO org.springframework.boot.test.context.SpringBootTestContextBootstrapper - Loaded default TestExecutionListener class names from location [META-INF/spring.factories]: [org.springframework.boot.test.autoconfigure.restdocs.RestDocsTestExecutionListener, org.springframework.boot.test.autoconfigure.web.client.MockRestServiceServerResetTestExecutionListener, org.springframework.boot.test.autoconfigure.web.servlet.MockMvcPrintOnlyOnFailureTestExecutionListener, org.springframework.boot.test.autoconfigure.web.servlet.WebDriverTestExecutionListener, org.springframework.boot.test.autoconfigure.webservices.client.MockWebServiceServerTestExecutionListener, org.springframework.boot.test.mock.mockito.MockitoTestExecutionListener, org.springframework.boot.test.mock.mockito.ResetMocksTestExecutionListener, org.springframework.test.context.web.ServletTestExecutionListener, org.springframework.test.context.support.DirtiesContextBeforeModesTestExecutionListener, org.springframework.test.context.support.DependencyInjectionTestExecutionListener, org.springframework.test.context.support.DirtiesContextTestExecutionListener, org.springframework.test.context.transaction.TransactionalTestExecutionListener, org.springframework.test.context.jdbc.SqlScriptsTestExecutionListener, org.springframework.test.context.event.EventPublishingTestExecutionListener]
14:54:01.867 [Test worker] DEBUG org.springframework.boot.test.context.SpringBootTestContextBootstrapper - Skipping candidate TestExecutionListener [org.springframework.test.context.transaction.TransactionalTestExecutionListener] due to a missing dependency. Specify custom listener classes or make the default listener classes and their required dependencies available. Offending class: [org/springframework/transaction/interceptor/TransactionAttributeSource]
14:54:01.867 [Test worker] DEBUG org.springframework.boot.test.context.SpringBootTestContextBootstrapper - Skipping candidate TestExecutionListener [org.springframework.test.context.jdbc.SqlScriptsTestExecutionListener] due to a missing dependency. Specify custom listener classes or make the default listener classes and their required dependencies available. Offending class: [org/springframework/transaction/interceptor/TransactionAttribute]
14:54:01.867 [Test worker] INFO org.springframework.boot.test.context.SpringBootTestContextBootstrapper - Using TestExecutionListeners: [org.springframework.test.context.web.ServletTestExecutionListener@36da6d48, org.springframework.test.context.support.DirtiesContextBeforeModesTestExecutionListener@2000ae68, org.springframework.boot.test.mock.mockito.MockitoTestExecutionListener@355f1dc6, org.springframework.boot.test.autoconfigure.SpringBootDependencyInjectionTestExecutionListener@71af2afc, org.springframework.test.context.support.DirtiesContextTestExecutionListener@14faa9ac, org.springframework.test.context.event.EventPublishingTestExecutionListener@312c36b5, org.springframework.boot.test.autoconfigure.restdocs.RestDocsTestExecutionListener@7cd0bc7b, org.springframework.boot.test.autoconfigure.web.client.MockRestServiceServerResetTestExecutionListener@74a091d7, org.springframework.boot.test.autoconfigure.web.servlet.MockMvcPrintOnlyOnFailureTestExecutionListener@35d6e126, org.springframework.boot.test.autoconfigure.web.servlet.WebDriverTestExecutionListener@659ff0b7, org.springframework.boot.test.autoconfigure.webservices.client.MockWebServiceServerTestExecutionListener@1cd5ab1b, org.springframework.boot.test.mock.mockito.ResetMocksTestExecutionListener@6c8baf7f]
14:54:01.878 [Test worker] DEBUG org.springframework.test.context.support.AbstractDirtiesContextTestExecutionListener - Before test class: context [DefaultTestContext@146b0203 testClass = RestServiceApplicationTests, testInstance = [null], testMethod = [null], testException = [null], mergedContextConfiguration = [WebMergedContextConfiguration@3f61adb8 testClass = RestServiceApplicationTests, locations = '{}', classes = '{class com.example.restservice.RestServiceApplication}', contextInitializerClasses = '[]', activeProfiles = '{}', propertySourceLocations = '{}', propertySourceProperties = '{org.springframework.boot.test.context.SpringBootTestContextBootstrapper=true}', contextCustomizers = set[org.springframework.boot.test.autoconfigure.properties.PropertyMappingContextCustomizer@0, org.springframework.boot.test.autoconfigure.web.servlet.WebDriverContextCustomizerFactory$Customizer@4d0732d, org.springframework.boot.test.context.filter.ExcludeFilterContextCustomizer@192ff74c, org.springframework.boot.test.json.DuplicateJsonObjectContextCustomizerFactory$DuplicateJsonObjectContextCustomizer@6a28d9f0, org.springframework.boot.test.mock.mockito.MockitoContextCustomizer@0, org.springframework.boot.test.web.client.TestRestTemplateContextCustomizer@d863841, org.springframework.boot.test.context.SpringBootTestArgs@1], resourceBasePath = 'src/main/webapp', contextLoader = 'org.springframework.boot.test.context.SpringBootContextLoader', parent = [null]], attributes = map['org.springframework.test.context.web.ServletTestExecutionListener.activateListener' -> true]], class annotated with @DirtiesContext [false] with mode [null].
14:54:01.909 [Test worker] DEBUG org.springframework.test.context.support.TestPropertySourceUtils - Adding inlined properties to environment: {spring.jmx.enabled=false, org.springframework.boot.test.context.SpringBootTestContextBootstrapper=true}

  .   ____          _            __ _ _
 /\\ / ___'_ __ _ _(_)_ __  __ _ \ \ \ \
( ( )\___ | '_ | '_| | '_ \/ _` | \ \ \ \
 \\/  ___)| |_)| | | | | || (_| |  ) ) ) )
  '  |____| .__|_| |_|_| |_\__, | / / / /
 =========|_|==============|___/=/_/_/_/
 :: Spring Boot ::        (v2.3.2.RELEASE)

2021-01-21 14:54:02.331  INFO 15072 --- [    Test worker] c.e.r.RestServiceApplicationTests        : Starting RestServiceApplicationTests on LAPTOP-SNUQ3LI0 with PID 15072 (started by mamin in C:\Users\mamin\Desktop\gs-rest-service\initial)
2021-01-21 14:54:02.331  INFO 15072 --- [    Test worker] c.e.r.RestServiceApplicationTests        : No active profile set, falling back to default profiles: default
2021-01-21 14:54:04.038  INFO 15072 --- [    Test worker] o.s.s.concurrent.ThreadPoolTaskExecutor  : Initializing ExecutorService 'applicationTaskExecutor'
2021-01-21 14:54:04.498  INFO 15072 --- [    Test worker] c.e.r.RestServiceApplicationTests        : Started RestServiceApplicationTests in 2.559 seconds (JVM running for 4.629)
]]></system-out>
  <system-err><![CDATA[]]></system-err>
</testsuite>
